Arguments: 
  C:\Program Files\nodejs\node.exe C:\Program Files\nodejs\node_modules\yarn\bin\yarn.js publish

PATH: 
  C:\ProgramData\Oracle\Java\javapath;C:\Windows\system32;C:\Windows;C:\Windows\System32\Wbem;C:\Windows\System32\WindowsPowerShell\v1.0\;C:\Program Files (x86)\NVIDIA Corporation\PhysX\Common;C:\Program Files (x86)\Windows Kits\10\Windows Performance Toolkit\;C:\Program Files\Git\cmd;C:\Program Files (x86)\Xoreax\IncrediBuild;C:\Program Files\nodejs\;C:\Program Files\TortoiseSVN\bin;C:\Program Files (x86)\Microsoft Emulator Manager\1.0\;F:\mysttudy\cocos2d-x-3.14.1\cocos2d-x-3.14.1\templates;F:\mysttudy\cocos2d-x-3.14.1\cocos2d-x-3.14.1\tools\cocos2d-console\bin;C:\Users\tianyuan\AppData\Local\Microsoft\WindowsApps;C:\Program Files (x86)\Microsoft VS Code\bin;C:\Python27;C:\Users\tianyuan\AppData\Roaming\npm;C:\Users\tianyuan\AppData\Local\atom\bin

Yarn version: 
  1.1.0

Node version: 
  6.11.2

Platform: 
  win32 x64

npm manifest: 
  {
    "name": "nono-plugin-sdk",
    "version": "0.0.1",
    "description": "SDK for building NONo plugin(render editor etc...)",
    "main": "src/index.js",
    "scripts": {
      "test": "jest",
      "compile": "babel -d dist/ src/ ",
      "prepublish": "npm run compile"
    },
    "repository": {
      "type": "git",
      "url": "git+https://github.com/tianyuan168326/nono_plugin_sdk.git"
    },
    "keywords": [
      "nonobiji",
      "plugin",
      "editor",
      "render"
    ],
    "author": "nonobiji",
    "license": "ISC",
    "bugs": {
      "url": "https://github.com/tianyuan168326/nono_plugin_sdk/issues"
    },
    "homepage": "https://github.com/tianyuan168326/nono_plugin_sdk#readme",
    "devDependencies": {
      "babel-cli": "^6.26.0",
      "babel-plugin-transform-runtime": "^6.23.0",
      "babel-polyfill": "^6.26.0",
      "babel-preset-es2015": "^6.24.1",
      "babel-preset-stage-0": "^6.24.1",
      "jest": "^21.2.1"
    },
    "dependencies": {
      "babel-runtime": "^6.26.0"
    }
  }

yarn manifest: 
  No manifest

Lockfile: 
  No lockfile

Trace: 
  Error: canceled
      at Interface.<anonymous> (C:\Program Files\nodejs\node_modules\yarn\lib\cli.js:119877:13)
      at emitNone (events.js:86:13)
      at Interface.emit (events.js:185:7)
      at Interface._ttyWrite (readline.js:726:16)
      at ReadStream.onkeypress (readline.js:120:10)
      at emitTwo (events.js:106:13)
      at ReadStream.emit (events.js:191:7)
      at emitKeys (internal/readline.js:389:14)
      at next (native)
      at ReadStream.onData (readline.js:972:36)
